<?xml version="1.0" encoding="UTF-8"?>
<!-- Generated by org.testng.reporters.JUnitReportReporter -->
<testsuite hostname="DESKTOP-MESIN5L" failures="0" tests="1" name="selenium.ExtendsReports" time="35.466" errors="0" timestamp="2022-11-11T05:06:02 PST" skipped="0">
  <testcase classname="selenium.ExtendsReports" name="intialDemo" time="35.466"/>
  <system-out/>
</testsuite> <!-- selenium.ExtendsReports -->
